<?xml version="1.0" encoding="UTF-8"?>
<!-- Generated by org.testng.reporters.JUnitReportReporter -->
<testsuite skipped="0" hostname="wv589" name="testNG_framework.ScreenSize" tests="1" failures="0" timestamp="29 May 2017 09:43:42 GMT" time="0.123" errors="0">
  <testcase name="screensize" time="0.123" classname="testNG_framework.ScreenSize"/>
</testsuite> <!-- testNG_framework.ScreenSize -->
