<?xml version="1.0" encoding="UTF-8"?>
<!-- Generated by org.testng.reporters.JUnitReportReporter -->
<testsuite skipped="0" hostname="wv589" name="testNG_framework.connectDB" tests="1" failures="0" timestamp="05 Jul 2017 08:04:38 GMT" time="0.280" errors="0">
  <testcase name="databaseconnection" time="0.280" classname="testNG_framework.connectDB"/>
</testsuite> <!-- testNG_framework.connectDB -->
