<?xml version="1.0" encoding="UTF-8"?>
<!-- Generated by org.testng.reporters.JUnitReportReporter -->
<testsuite skipped="2" hostname="wv589" name="testNG_framework.SanityTests" tests="7" failures="0" timestamp="29 May 2017 04:05:06 GMT" time="0.010" errors="0">
  <testcase name="sanity3" time="0.001" classname="testNG_framework.SanityTests"/>
  <testcase name="sanity5" time="0.004" classname="testNG_framework.SanityTests"/>
  <testcase name="sanity3" time="0.001" classname="testNG_framework.SanityTests"/>
  <testcase name="sanity1" time="0.001" classname="testNG_framework.SanityTests"/>
  <testcase name="sanity4" time="0.003" classname="testNG_framework.SanityTests"/>
  <testcase name="sanity2" classname="testNG_framework.SanityTests">
    <skipped/>
  </testcase> <!-- sanity2 -->
  <testcase name="sanity2" classname="testNG_framework.SanityTests">
    <skipped/>
  </testcase> <!-- sanity2 -->
</testsuite> <!-- testNG_framework.SanityTests -->
