<?xml version="1.0" encoding="UTF-8"?>
<!-- Generated by org.testng.reporters.JUnitReportReporter -->
<testsuite skipped="2" hostname="wv589" name="testNG_framework.Functional" tests="7" failures="0" timestamp="29 May 2017 04:05:06 GMT" time="0.009" errors="0">
  <testcase name="function3" time="0.002" classname="testNG_framework.Functional"/>
  <testcase name="function5" time="0.001" classname="testNG_framework.Functional"/>
  <testcase name="function3" time="0.001" classname="testNG_framework.Functional"/>
  <testcase name="function4" time="0.002" classname="testNG_framework.Functional"/>
  <testcase name="function1" time="0.003" classname="testNG_framework.Functional"/>
  <testcase name="function2" classname="testNG_framework.Functional">
    <skipped/>
  </testcase> <!-- function2 -->
  <testcase name="function2" classname="testNG_framework.Functional">
    <skipped/>
  </testcase> <!-- function2 -->
</testsuite> <!-- testNG_framework.Functional -->
