<?xml version="1.0" encoding="UTF-8"?>
<!-- Generated by org.testng.reporters.JUnitReportReporter -->
<testsuite skipped="0" hostname="wv589" name="testNG_framework.VerifyLinks" tests="1" failures="0" timestamp="05 Jul 2017 06:43:26 GMT" time="331.059" errors="0">
  <testcase name="linkscheck" time="331.059" classname="testNG_framework.VerifyLinks"/>
</testsuite> <!-- testNG_framework.VerifyLinks -->
