<?xml version="1.0" encoding="UTF-8"?>
<!-- Generated by org.testng.reporters.JUnitReportReporter -->
<testsuite skipped="0" hostname="wv589" name="practice.DatePicker" tests="1" failures="0" timestamp="01 Jun 2017 09:56:19 GMT" time="25.020" errors="0">
  <testcase name="dateframe" time="25.020" classname="practice.DatePicker"/>
</testsuite> <!-- practice.DatePicker -->
