<?xml version="1.0" encoding="UTF-8"?>
<!-- Generated by org.testng.reporters.JUnitReportReporter -->
<testsuite skipped="0" hostname="wv589" name="testNG_framework.ScreenShots" tests="1" failures="0" timestamp="29 May 2017 07:45:17 GMT" time="8.282" errors="0">
  <testcase name="getscreenshots" time="8.282" classname="testNG_framework.ScreenShots"/>
</testsuite> <!-- testNG_framework.ScreenShots -->
