<?xml version="1.0" encoding="UTF-8"?>
<!-- Generated by org.testng.reporters.JUnitReportReporter -->
<testsuite skipped="0" hostname="wv589" name="testNG_framework.ReadingExcel" tests="1" failures="0" timestamp="29 May 2017 06:08:32 GMT" time="0.769" errors="0">
  <testcase name="Reading" time="0.769" classname="testNG_framework.ReadingExcel"/>
</testsuite> <!-- testNG_framework.ReadingExcel -->
