<?xml version="1.0" encoding="UTF-8"?>
<!-- Generated by org.testng.reporters.JUnitReportReporter -->
<testsuite hostname="wv589" name="testNG_framework.ConnectDBOne" tests="23" failures="0" timestamp="6 Jul 2017 12:06:50 GMT" time="1.034" errors="0">
  <testcase name="main" time="0.040" classname="testNG_framework.ConnectDBOne"/>
  <testcase name="main" time="0.042" classname="testNG_framework.ConnectDBOne"/>
  <testcase name="main" time="0.040" classname="testNG_framework.ConnectDBOne"/>
  <testcase name="main" time="0.042" classname="testNG_framework.ConnectDBOne"/>
  <testcase name="main" time="0.039" classname="testNG_framework.ConnectDBOne"/>
  <testcase name="main" time="0.052" classname="testNG_framework.ConnectDBOne"/>
  <testcase name="main" time="0.042" classname="testNG_framework.ConnectDBOne"/>
  <testcase name="main" time="0.028" classname="testNG_framework.ConnectDBOne"/>
  <testcase name="main" time="0.030" classname="testNG_framework.ConnectDBOne"/>
  <testcase name="main" time="0.030" classname="testNG_framework.ConnectDBOne"/>
  <testcase name="main" time="0.031" classname="testNG_framework.ConnectDBOne"/>
  <testcase name="main" time="0.067" classname="testNG_framework.ConnectDBOne"/>
  <testcase name="main" time="0.031" classname="testNG_framework.ConnectDBOne"/>
  <testcase name="main" time="0.030" classname="testNG_framework.ConnectDBOne"/>
  <testcase name="main" time="0.028" classname="testNG_framework.ConnectDBOne"/>
  <testcase name="main" time="0.196" classname="testNG_framework.ConnectDBOne"/>
  <testcase name="main" time="0.028" classname="testNG_framework.ConnectDBOne"/>
  <testcase name="main" time="0.028" classname="testNG_framework.ConnectDBOne"/>
  <testcase name="main" time="0.030" classname="testNG_framework.ConnectDBOne"/>
  <testcase name="main" time="0.040" classname="testNG_framework.ConnectDBOne"/>
  <testcase name="main" time="0.071" classname="testNG_framework.ConnectDBOne"/>
  <testcase name="main" time="0.030" classname="testNG_framework.ConnectDBOne"/>
  <testcase name="main" time="0.039" classname="testNG_framework.ConnectDBOne"/>
</testsuite> <!-- testNG_framework.ConnectDBOne -->
