<?xml version="1.0" encoding="UTF-8"?>
<!-- Generated by org.testng.reporters.JUnitReportReporter -->
<testsuite hostname="wv589" name="testNG_framework.connectDB" tests="1" failures="0" timestamp="6 Jul 2017 12:33:05 GMT" time="0.191" errors="0">
  <testcase name="databaseconnection" time="0.191" classname="testNG_framework.connectDB"/>
</testsuite> <!-- testNG_framework.connectDB -->
