<?xml version="1.0" encoding="UTF-8"?>
<!-- Generated by org.testng.reporters.JUnitReportReporter -->
<testsuite hostname="wv589" name="testNG_framework.AutoIduploadFile" tests="1" failures="0" timestamp="7 Jul 2017 07:24:19 GMT" time="25.439" errors="0">
  <testcase name="fileuploadAuto" time="25.439" classname="testNG_framework.AutoIduploadFile"/>
</testsuite> <!-- testNG_framework.AutoIduploadFile -->
