<?xml version="1.0" encoding="UTF-8"?>
<!-- Generated by org.testng.reporters.JUnitReportReporter -->
<testsuite skipped="1" hostname="WV621" name="testNG_framework.UnitTest" tests="5" failures="0" timestamp="04 Jul 2017 11:14:24 GMT" time="0.012" errors="0">
  <testcase name="unit3" time="0.001" classname="testNG_framework.UnitTest"/>
  <testcase name="unit4" time="0.001" classname="testNG_framework.UnitTest"/>
  <testcase name="unit5" time="0.001" classname="testNG_framework.UnitTest"/>
  <testcase name="unit1" time="0.009" classname="testNG_framework.UnitTest"/>
  <testcase name="unit2" classname="testNG_framework.UnitTest">
    <skipped/>
  </testcase> <!-- unit2 -->
</testsuite> <!-- testNG_framework.UnitTest -->
