<?xml version="1.0" encoding="UTF-8"?>
<!-- Generated by org.testng.reporters.JUnitReportReporter -->
<testsuite skipped="0" hostname="wv589" name="testNG_framework.VerifyLinks" tests="1" failures="0" timestamp="30 Jun 2017 13:15:33 GMT" time="22.379" errors="0">
  <testcase name="linkscheck" time="22.379" classname="testNG_framework.VerifyLinks"/>
</testsuite> <!-- testNG_framework.VerifyLinks -->
