<?xml version="1.0" encoding="UTF-8"?>
<!-- Generated by org.testng.reporters.JUnitReportReporter -->
<testsuite skipped="0" hostname="wv589" name="testNG_framework.ConnectDBOne" tests="20" failures="0" timestamp="05 Jul 2017 11:31:47 GMT" time="0.910" errors="0">
  <testcase name="main" time="0.042" classname="testNG_framework.ConnectDBOne"/>
  <testcase name="main" time="0.042" classname="testNG_framework.ConnectDBOne"/>
  <testcase name="main" time="0.039" classname="testNG_framework.ConnectDBOne"/>
  <testcase name="main" time="0.039" classname="testNG_framework.ConnectDBOne"/>
  <testcase name="main" time="0.030" classname="testNG_framework.ConnectDBOne"/>
  <testcase name="main" time="0.040" classname="testNG_framework.ConnectDBOne"/>
  <testcase name="main" time="0.042" classname="testNG_framework.ConnectDBOne"/>
  <testcase name="main" time="0.030" classname="testNG_framework.ConnectDBOne"/>
  <testcase name="main" time="0.232" classname="testNG_framework.ConnectDBOne"/>
  <testcase name="main" time="0.030" classname="testNG_framework.ConnectDBOne"/>
  <testcase name="main" time="0.043" classname="testNG_framework.ConnectDBOne"/>
  <testcase name="main" time="0.038" classname="testNG_framework.ConnectDBOne"/>
  <testcase name="main" time="0.027" classname="testNG_framework.ConnectDBOne"/>
  <testcase name="main" time="0.031" classname="testNG_framework.ConnectDBOne"/>
  <testcase name="main" time="0.042" classname="testNG_framework.ConnectDBOne"/>
  <testcase name="main" time="0.027" classname="testNG_framework.ConnectDBOne"/>
  <testcase name="main" time="0.042" classname="testNG_framework.ConnectDBOne"/>
  <testcase name="main" time="0.028" classname="testNG_framework.ConnectDBOne"/>
  <testcase name="main" time="0.027" classname="testNG_framework.ConnectDBOne"/>
  <testcase name="main" time="0.039" classname="testNG_framework.ConnectDBOne"/>
</testsuite> <!-- testNG_framework.ConnectDBOne -->
