<?xml version="1.0" encoding="UTF-8"?>
<!-- Generated by org.testng.reporters.JUnitReportReporter -->
<testsuite hostname="wv589" name="testNG_framework.GridImplement" tests="1" failures="0" timestamp="26 Jul 2017 09:40:44 GMT" time="3.258" errors="0">
  <testcase name="SampleTest" time="3.258" classname="testNG_framework.GridImplement"/>
</testsuite> <!-- testNG_framework.GridImplement -->
