<?xml version="1.0" encoding="UTF-8"?>
<!-- Generated by org.testng.reporters.JUnitReportReporter -->
<testsuite skipped="2" hostname="wv589" name="testNG_framework.UnitTest" tests="7" failures="0" timestamp="29 May 2017 04:05:06 GMT" time="0.015" errors="0">
  <testcase name="unit4" time="0.001" classname="testNG_framework.UnitTest"/>
  <testcase name="unit1" time="0.008" classname="testNG_framework.UnitTest"/>
  <testcase name="unit5" time="0.002" classname="testNG_framework.UnitTest"/>
  <testcase name="unit3" time="0.002" classname="testNG_framework.UnitTest"/>
  <testcase name="unit3" time="0.002" classname="testNG_framework.UnitTest"/>
  <testcase name="unit2" classname="testNG_framework.UnitTest">
    <skipped/>
  </testcase> <!-- unit2 -->
  <testcase name="unit2" classname="testNG_framework.UnitTest">
    <skipped/>
  </testcase> <!-- unit2 -->
</testsuite> <!-- testNG_framework.UnitTest -->
