<?xml version="1.0" encoding="UTF-8"?>
<!-- Generated by org.testng.reporters.JUnitReportReporter -->
<testsuite skipped="0" hostname="wv589" name="testNG_framework.Scrollwindow" tests="1" failures="0" timestamp="09 Jun 2017 05:32:49 GMT" time="19.267" errors="0">
  <testcase name="scrollToview" time="19.267" classname="testNG_framework.Scrollwindow"/>
</testsuite> <!-- testNG_framework.Scrollwindow -->
